C:\Users\piotr\Documents\augment-projects\SCPIP\SCPIP-WEBV-01\dokumenty\freedom\freeDOM_formularz_rekrutacyjny.docx
C:\Users\piotr\Documents\augment-projects\SCPIP\SCPIP-WEBV-01\dokumenty\freedom\freeDOM_formularz_rekrutacyjny.pdf
C:\Users\piotr\Documents\augment-projects\SCPIP\SCPIP-WEBV-01\dokumenty\freedom\HFW_freeDOM_06_2025.pdf
C:\Users\piotr\Documents\augment-projects\SCPIP\SCPIP-WEBV-01\dokumenty\freedom\Klauzula_RODO_SCPIP_-_FD.docx
C:\Users\piotr\Documents\augment-projects\SCPIP\SCPIP-WEBV-01\dokumenty\freedom\Klauzula_RODO_SCPIP_-_FD.pdf
C:\Users\piotr\Documents\augment-projects\SCPIP\SCPIP-WEBV-01\dokumenty\freedom\Zgoda_RODO_freeDOM.docx
C:\Users\piotr\Documents\augment-projects\SCPIP\SCPIP-WEBV-01\dokumenty\freedom\Zgoda_RODO_freeDOM.pdf
C:\Users\piotr\Documents\augment-projects\SCPIP\SCPIP-WEBV-01\dokumenty\praktykant\Czerwiec_2025.pdf
C:\Users\piotr\Documents\augment-projects\SCPIP\SCPIP-WEBV-01\dokumenty\praktykant\Klauzula_RODO_SCPIP_-_Praktykant.pdf
C:\Users\piotr\Documents\augment-projects\SCPIP\SCPIP-WEBV-01\dokumenty\praktykant\PRAKTYKANT_Deklaracja_uczestnictwa_w_projekcie_(1).pdf
C:\Users\piotr\Documents\augment-projects\SCPIP\SCPIP-WEBV-01\dokumenty\praktykant\PRAKTYKATN__Regulamin_Rekrutacji_i_Uczestnictwa_w_projekcie_(1).pdf
C:\Users\piotr\Documents\augment-projects\SCPIP\SCPIP-WEBV-01\dokumenty\praktykant\Zgoda_RODO_Praktykant.pdf
C:\Users\piotr\Documents\augment-projects\SCPIP\SCPIP-WEBV-01\dokumenty\strefa-katowice\formularz_rekrutacyjny_podstawowy_ST_Kato.docx
C:\Users\piotr\Documents\augment-projects\SCPIP\SCPIP-WEBV-01\dokumenty\strefa-katowice\formularz_rekrutacyjny_podstawowy_ST_Kato_(1).pdf
C:\Users\piotr\Documents\augment-projects\SCPIP\SCPIP-WEBV-01\dokumenty\strefa-katowice\HFW_6_2025.pdf
C:\Users\piotr\Documents\augment-projects\SCPIP\SCPIP-WEBV-01\dokumenty\strefa-katowice\Regulamin_Rekrutacji_i_uczestnictwa_w_projekcie_ST_KATO.docx
C:\Users\piotr\Documents\augment-projects\SCPIP\SCPIP-WEBV-01\dokumenty\strefa-katowice\Regulamin_Rekrutacji_i_uczestnictwa_w_projekcie_ST_KATO_(1).pdf
C:\Users\piotr\Documents\augment-projects\SCPIP\SCPIP-WEBV-01\dokumenty\strefa-katowice\RODO_do_ST_Kato.docx
C:\Users\piotr\Documents\augment-projects\SCPIP\SCPIP-WEBV-01\dokumenty\strefa-katowice\RODO_do_ST_Kato_(1).pdf
C:\Users\piotr\Documents\augment-projects\SCPIP\SCPIP-WEBV-01\dokumenty\strefa-katowice\suplement_do_formularza_rekrutacyjnego_ST_Kato.docx
C:\Users\piotr\Documents\augment-projects\SCPIP\SCPIP-WEBV-01\dokumenty\strefa-katowice\suplement_do_formularza_rekrutacyjnego_ST_Kato_(1).pdf
C:\Users\piotr\Documents\augment-projects\SCPIP\SCPIP-WEBV-01\dokumenty\strefa-katowice\wizerunek_ST_Kato.docx
C:\Users\piotr\Documents\augment-projects\SCPIP\SCPIP-WEBV-01\dokumenty\strefa-katowice\wizerunek_ST_Kato_(1).pdf
C:\Users\piotr\Documents\augment-projects\SCPIP\SCPIP-WEBV-01\dokumenty\strefa-ruda\ankieta_potrzeb_ST.docx
C:\Users\piotr\Documents\augment-projects\SCPIP\SCPIP-WEBV-01\dokumenty\strefa-ruda\HFW_Strefa_Ruda_06_2025.pdf
C:\Users\piotr\Documents\augment-projects\SCPIP\SCPIP-WEBV-01\dokumenty\strefa-ruda\Klauzula_RODO_SCPIP_-_Zwrotnica.docx
C:\Users\piotr\Documents\augment-projects\SCPIP\SCPIP-WEBV-01\dokumenty\strefa-ruda\Zgoda_RODO_Zwrotnica.docx
C:\Users\piotr\Documents\augment-projects\SCPIP\SCPIP-WEBV-01\dokumenty\zwrotnica-katowice\Deklaracja_uczestnictwa_w_projekcie.pdf
C:\Users\piotr\Documents\augment-projects\SCPIP\SCPIP-WEBV-01\dokumenty\zwrotnica-katowice\Formularz_rekrutacyjny_kandydata_na_uczestnika.pdf
C:\Users\piotr\Documents\augment-projects\SCPIP\SCPIP-WEBV-01\dokumenty\zwrotnica-katowice\Katalog_instrumentow_aktywnej_integracji.pdf
C:\Users\piotr\Documents\augment-projects\SCPIP\SCPIP-WEBV-01\dokumenty\zwrotnica-katowice\Klauzula_RODO_SCPIP_-_Zwrotnica.pdf
C:\Users\piotr\Documents\augment-projects\SCPIP\SCPIP-WEBV-01\dokumenty\zwrotnica-katowice\Kwestionariusz_Kwalifikacji.pdf
C:\Users\piotr\Documents\augment-projects\SCPIP\SCPIP-WEBV-01\dokumenty\zwrotnica-katowice\Regulamin_Rekrutacji_i_Uczestnictwa_w_projekcie.pdf
C:\Users\piotr\Documents\augment-projects\SCPIP\SCPIP-WEBV-01\dokumenty\zwrotnica-ruda\DEKLARACJA_UCZESTNICTWA.pdf
C:\Users\piotr\Documents\augment-projects\SCPIP\SCPIP-WEBV-01\dokumenty\zwrotnica-ruda\HFW-FESL.07.02-IZ.01-060D_czerwiec_2025.pdf
C:\Users\piotr\Documents\augment-projects\SCPIP\SCPIP-WEBV-01\dokumenty\zwrotnica-ruda\KARTA_KWALIFIKACJI.pdf
C:\Users\piotr\Documents\augment-projects\SCPIP\SCPIP-WEBV-01\dokumenty\zwrotnica-ruda\Zal_1_Formularz_rekrutacyjny.pdf
C:\Users\piotr\Documents\augment-projects\SCPIP\SCPIP-WEBV-01\dokumenty\zwrotnica-ruda\ZWROTNICA_Klauzula_RODO.pdf
C:\Users\piotr\Documents\augment-projects\SCPIP\SCPIP-WEBV-01\dokumenty\zwrotnica-ruda\ZWROTNICA_Regulamin_Rekrutacji_i_Uczestnictwa_w_projekcie.pdf
